{
    "numTotalTestSuites": 1,
    "numPassedTestSuites": 1,
    "numFailedTestSuites": 0,
    "numPendingTestSuites": 0,
    "numTotalTests": 1,
    "numPassedTests": 1,
    "numFailedTests": 0,
    "numPendingTests": 0,
    "numTodoTests": 0,
    "snapshot": {
        "added": 0,
        "failure": false,
        "filesAdded": 0,
        "filesRemoved": 0,
        "filesRemovedList": [],
        "filesUnmatched": 0,
        "filesUpdated": 0,
        "matched": 0,
        "total": 0,
        "unchecked": 0,
        "uncheckedKeysByFile": [],
        "unmatched": 0,
        "updated": 0,
        "didUpdate": false
    },
    "startTime": 1748129747181,
    "success": true,
    "testResults": [
        {
            "assertionResults": [
                {
                    "ancestorTitles": [],
                    "fullName": "test confirm button",
                    "status": "passed",
                    "title": "test confirm button",
                    "duration": 40.69219999999996,
                    "failureMessages": [],
                    "meta": {}
                }
            ],
            "startTime": 1748129748867,
            "endTime": 1748129748907.6921,
            "status": "passed",
            "message": "",
            "name": "C:/Users/timgi/Desktop/dev/project/customer-data-platform/frontend/src/Components/PopupModal.test.tsx"
        }
    ]
}